/usr/local/synopsys/syn/O-2018.06-SP4/auxx/gui/dv/dv_setup.tcl
/usr/local/synopsys/syn/O-2018.06-SP4/auxx/gui/syn/snpsSynProcs.tcl
/usr/local/synopsys/syn/O-2018.06-SP4/auxx/gui/syn/layout/pkgIndex.tcl
/usr/local/synopsys/syn/O-2018.06-SP4/auxx/gui/common/tq/pkgIndex.tcl
/usr/local/synopsys/syn/O-2018.06-SP4/auxx/gui/common/docBrowser/pkgIndex.tcl
/usr/local/synopsys/syn/O-2018.06-SP4/auxx/gui/common/qtcl/pkgIndex.tcl
/usr/local/synopsys/syn/O-2018.06-SP4/auxx/gui/common/profiler/pkgIndex.tcl
/usr/local/synopsys/syn/O-2018.06-SP4/auxx/gui/common/highlight/pkgIndex.tcl
/usr/local/synopsys/syn/O-2018.06-SP4/auxx/gui/common/tiledview/pkgIndex.tcl
/usr/local/synopsys/syn/O-2018.06-SP4/auxx/gui/common/mrupalette/pkgIndex.tcl
/usr/local/synopsys/syn/O-2018.06-SP4/auxx/gui/common/histogram/pkgIndex.tcl
/usr/local/synopsys/syn/O-2018.06-SP4/auxx/gui/common/palettegroup/pkgIndex.tcl
/usr/local/synopsys/syn/O-2018.06-SP4/auxx/gui/common/layout/pkgIndex.tcl
/usr/local/synopsys/syn/O-2018.06-SP4/auxx/gui/common/select/pkgIndex.tcl
/usr/local/synopsys/syn/O-2018.06-SP4/auxx/gui/common/pathinspector/pkgIndex.tcl
/usr/local/synopsys/syn/O-2018.06-SP4/auxx/gui/common/regressionToolkit/pkgIndex.tcl
/usr/local/synopsys/syn/O-2018.06-SP4/auxx/gui/common/fanoutviewer/pkgIndex.tcl
/usr/local/synopsys/syn/O-2018.06-SP4/auxx/gui/common/table/pkgIndex.tcl
/usr/local/synopsys/syn/O-2018.06-SP4/auxx/gui/common/opdlg/pkgIndex.tcl
/usr/local/synopsys/syn/O-2018.06-SP4/auxx/gui/common/timing/pkgIndex.tcl
/usr/local/synopsys/syn/O-2018.06-SP4/auxx/gui/common/acg/pkgIndex.tcl
/usr/local/synopsys/syn/O-2018.06-SP4/auxx/gui/common/strokes/pkgIndex.tcl
/usr/local/synopsys/syn/O-2018.06-SP4/auxx/gui/common/libviewer/pkgIndex.tcl
/usr/local/synopsys/syn/O-2018.06-SP4/auxx/gui/common/menus/pkgIndex.tcl
/usr/local/synopsys/syn/O-2018.06-SP4/auxx/gui/common/view/pkgIndex.tcl
/usr/local/synopsys/syn/O-2018.06-SP4/auxx/gui/common/commandform/pkgIndex.tcl
/usr/local/synopsys/syn/O-2018.06-SP4/auxx/gui/common/WindowFrameWork/pkgIndex.tcl
/usr/local/synopsys/syn/O-2018.06-SP4/auxx/gui/common/schematic/pkgIndex.tcl
/usr/local/synopsys/syn/O-2018.06-SP4/auxx/gui/common/misc/pkgIndex.tcl
/usr/local/synopsys/syn/O-2018.06-SP4/auxx/gui/common/tcl-dp/pkgIndex.tcl
/usr/local/synopsys/syn/O-2018.06-SP4/auxx/gui/common/dialogs/pkgIndex.tcl
/usr/local/synopsys/syn/O-2018.06-SP4/auxx/gui/common/setup/pkgIndex.tcl
/usr/local/synopsys/syn/O-2018.06-SP4/auxx/gui/common/hierarchy/pkgIndex.tcl
/usr/local/synopsys/syn/O-2018.06-SP4/auxx/gui/dv/pkgIndex.tcl
/usr/local/synopsys/syn/O-2018.06-SP4/auxx/syn/lib/pkgIndex.tcl
/usr/local/synopsys/syn/O-2018.06-SP4/auxx/tcllib/lib/iwidgets4.1/pkgIndex.tcl
/usr/local/synopsys/syn/O-2018.06-SP4/auxx/tcllib/snps_tcl/snpsTclPro/pkgIndex.tcl
/usr/local/synopsys/syn/O-2018.06-SP4/auxx/tcllib/snps_tcl/snpsTest/pkgIndex.tcl
/usr/local/synopsys/syn/O-2018.06-SP4/auxx/tcllib/snps_tcl/snpsUtils/pkgIndex.tcl
/usr/local/synopsys/syn/O-2018.06-SP4/auxx/tcllib/snps_tcl/pkgIndex.tcl
/usr/local/synopsys/syn/O-2018.06-SP4/auxx/tcllib/lib/tcl8.6/reg/pkgIndex.tcl
/usr/local/synopsys/syn/O-2018.06-SP4/auxx/tcllib/lib/tcl8.6/dde/pkgIndex.tcl
/usr/local/synopsys/syn/O-2018.06-SP4/auxx/tcllib/lib/tcl8.6/platform/pkgIndex.tcl
/usr/local/synopsys/syn/O-2018.06-SP4/auxx/tcllib/lib/tcl8.6/tcltest/pkgIndex.tcl
/usr/local/synopsys/syn/O-2018.06-SP4/auxx/tcllib/lib/tcl8.6/http/pkgIndex.tcl
/usr/local/synopsys/syn/O-2018.06-SP4/auxx/tcllib/lib/tcl8.6/msgcat/pkgIndex.tcl
/usr/local/synopsys/syn/O-2018.06-SP4/auxx/tcllib/lib/tcl8.6/http1.0/pkgIndex.tcl
/usr/local/synopsys/syn/O-2018.06-SP4/auxx/tcllib/lib/tcl8.6/opt/pkgIndex.tcl
/usr/local/synopsys/syn/O-2018.06-SP4/auxx/gui/common/setup/snpsCommonSetup.tcl
/usr/local/synopsys/syn/O-2018.06-SP4/auxx/gui/common/setup/snpsCustomize.tcl
/usr/local/synopsys/syn/O-2018.06-SP4/auxx/gui/common/setup/snpsProcheck.tcl
/usr/local/synopsys/syn/O-2018.06-SP4/auxx/gui/common/qtcl/.synopsys_qtcl.tcl
/usr/local/synopsys/syn/O-2018.06-SP4/auxx/gui/common/highlight/highlight.tcl
/usr/local/synopsys/syn/O-2018.06-SP4/auxx/gui/common/misc/base.tcl
/usr/local/synopsys/syn/O-2018.06-SP4/auxx/gui/common/misc/timing.tcl
/usr/local/synopsys/syn/O-2018.06-SP4/auxx/gui/common/misc/setting.tcl
/usr/local/synopsys/syn/O-2018.06-SP4/auxx/gui/common/misc/preset.tcl
/usr/local/synopsys/syn/O-2018.06-SP4/auxx/gui/common/WindowFrameWork/windowFrameWork.tcl
/usr/local/synopsys/syn/O-2018.06-SP4/auxx/gui/common/WindowFrameWork/skipBusyCursorCmdList.tcl
/usr/local/synopsys/syn/O-2018.06-SP4/auxx/gui/common/docBrowser/docBrowser.tcl
/usr/local/synopsys/syn/O-2018.06-SP4/auxx/tcllib/snps_tcl/snpsUtils/snpsUtils.tcl
/usr/local/synopsys/syn/O-2018.06-SP4/auxx/gui/common/dialogs/ObjectChooser.tcl
/usr/local/synopsys/syn/O-2018.06-SP4/auxx/gui/common/misc/DialogObjectChooser.tcl
/usr/local/synopsys/syn/O-2018.06-SP4/auxx/gui/common/dialogs/HistBinInformation.tcl
/usr/local/synopsys/syn/O-2018.06-SP4/auxx/gui/common/dialogs/HistBin1Information.tcl
/usr/local/synopsys/syn/O-2018.06-SP4/auxx/gui/common/dialogs/BinsOnlyInformation.tcl
/usr/local/synopsys/syn/O-2018.06-SP4/auxx/gui/common/dialogs/FileChooser.tcl
/usr/local/synopsys/syn/O-2018.06-SP4/auxx/gui/common/dialogs/PathPinSimpleInfo.tcl
/usr/local/synopsys/syn/O-2018.06-SP4/auxx/gui/common/dialogs/PathsBasicInfo.tcl
/usr/local/synopsys/syn/O-2018.06-SP4/auxx/gui/common/dialogs/PathsBasicSimpleInfo.tcl
/usr/local/synopsys/syn/O-2018.06-SP4/auxx/gui/common/dialogs/SlctOperationInfo.tcl
/usr/local/synopsys/syn/O-2018.06-SP4/auxx/gui/common/dialogs/ObjectListInfo.tcl
/usr/local/synopsys/syn/O-2018.06-SP4/auxx/gui/common/dialogs/FanInOutInfo.tcl
/usr/local/synopsys/syn/O-2018.06-SP4/auxx/gui/common/dialogs/NumberOfLevelsChooser.tcl
/usr/local/synopsys/syn/O-2018.06-SP4/auxx/gui/common/dialogs/WindowReuseInfo.tcl
/usr/local/synopsys/syn/O-2018.06-SP4/auxx/gui/common/dialogs/ReportOutputOptionInfo.tcl
/usr/local/synopsys/syn/O-2018.06-SP4/auxx/gui/common/setup/snpsCollections.tcl
/usr/local/synopsys/syn/O-2018.06-SP4/auxx/gui/common/dialogs/CompileLinkDesign.tcl
/usr/local/synopsys/syn/O-2018.06-SP4/auxx/gui/common/histogram/DialogEndpointSlack.tcl
/usr/local/synopsys/syn/O-2018.06-SP4/auxx/gui/common/histogram/DialogPathsSlack.tcl
/usr/local/synopsys/syn/O-2018.06-SP4/auxx/gui/common/histogram/DialogNetCapacitance.tcl
/usr/local/synopsys/syn/O-2018.06-SP4/auxx/gui/common/schematic/DialogPathSchematicFanInOut.tcl
/usr/local/synopsys/syn/O-2018.06-SP4/auxx/gui/common/schematic/DialogPathSchematicAddPaths.tcl
/users/agnon/pp2022/omrigi/lab3/DC/Scripts/Synthesis.tcl
/users/agnon/pp2022/omrigi/lab3/DC/Scripts/Setup.tcl
/users/agnon/pp2022/omrigi/lab3/DC/LibraryFiles/tools/procs.tcl
/users/agnon/pp2022/omrigi/lab3/DC/RTL/APB_Register_Bank.v
/users/agnon/pp2022/omrigi/lab3/DC/LibraryFiles/db/slow.db
/usr/local/synopsys/syn/O-2018.06-SP4/libraries/syn/dw_foundation.sldb
/users/agnon/pp2022/omrigi/lab3/DC/RTL/DEC.v
/users/agnon/pp2022/omrigi/lab3/DC/RTL/Decoder.v
/users/agnon/pp2022/omrigi/lab3/DC/RTL/ecc_enc_dec.v
/users/agnon/pp2022/omrigi/lab3/DC/RTL/Encoder.v
/users/agnon/pp2022/omrigi/lab3/DC/RTL/Fixer.v
/users/agnon/pp2022/omrigi/lab3/DC/RTL/FSM.v
/users/agnon/pp2022/omrigi/lab3/DC/RTL/MatrixCulator.v
/usr/local/synopsys/syn/O-2018.06-SP4/libraries/syn/gtech.db
/usr/local/synopsys/syn/O-2018.06-SP4/libraries/syn/standard.sldb
/users/agnon/pp2022/omrigi/lab3/DC/Scripts/Constrains.sdc
/users/agnon/pp2022/omrigi/lab3/DC/LibraryFiles/db/slow.db
/users/agnon/pp2022/omrigi/lab3/DC/LibraryFiles/db/slow.db
/users/agnon/pp2022/omrigi/lab3/DC/Scripts/Synthesis.tcl
/users/agnon/pp2022/omrigi/lab3/DC/Scripts/Setup.tcl
/users/agnon/pp2022/omrigi/lab3/DC/LibraryFiles/tools/procs.tcl
/users/agnon/pp2022/omrigi/lab3/DC/RTL/APB_Register_Bank.v
/users/agnon/pp2022/omrigi/lab3/DC/RTL/DEC.v
/users/agnon/pp2022/omrigi/lab3/DC/RTL/Decoder.v
/users/agnon/pp2022/omrigi/lab3/DC/RTL/ecc_enc_dec.v
/users/agnon/pp2022/omrigi/lab3/DC/RTL/Encoder.v
/users/agnon/pp2022/omrigi/lab3/DC/RTL/Fixer.v
/users/agnon/pp2022/omrigi/lab3/DC/RTL/FSM.v
/users/agnon/pp2022/omrigi/lab3/DC/RTL/MatrixCulator.v
/users/agnon/pp2022/omrigi/lab3/DC/Scripts/Constrains.sdc
/users/agnon/pp2022/omrigi/lab3/DC/LibraryFiles/db/slow.db
/users/agnon/pp2022/omrigi/lab3/DC/LibraryFiles/db/slow.db
/users/agnon/pp2022/omrigi/lab3/DC/Scripts/Synthesis.tcl
/users/agnon/pp2022/omrigi/lab3/DC/Scripts/Setup.tcl
/users/agnon/pp2022/omrigi/lab3/DC/LibraryFiles/tools/procs.tcl
/users/agnon/pp2022/omrigi/lab3/DC/RTL/APB_Register_Bank.v
/users/agnon/pp2022/omrigi/lab3/DC/RTL/DEC.v
/users/agnon/pp2022/omrigi/lab3/DC/RTL/Decoder.v
/users/agnon/pp2022/omrigi/lab3/DC/RTL/ecc_enc_dec.v
/users/agnon/pp2022/omrigi/lab3/DC/RTL/Encoder.v
/users/agnon/pp2022/omrigi/lab3/DC/RTL/Fixer.v
/users/agnon/pp2022/omrigi/lab3/DC/RTL/FSM.v
/users/agnon/pp2022/omrigi/lab3/DC/RTL/MatrixCulator.v
/users/agnon/pp2022/omrigi/lab3/DC/Scripts/Constrains.sdc
/users/agnon/pp2022/omrigi/lab3/DC/LibraryFiles/db/slow.db
/users/agnon/pp2022/omrigi/lab3/DC/LibraryFiles/db/slow.db
/users/agnon/pp2022/omrigi/lab3/DC/Scripts/Synthesis.tcl
/users/agnon/pp2022/omrigi/lab3/DC/Scripts/Setup.tcl
/users/agnon/pp2022/omrigi/lab3/DC/LibraryFiles/tools/procs.tcl
/users/agnon/pp2022/omrigi/lab3/DC/RTL/APB_Register_Bank.v
/users/agnon/pp2022/omrigi/lab3/DC/RTL/DEC.v
/users/agnon/pp2022/omrigi/lab3/DC/RTL/Decoder.v
/users/agnon/pp2022/omrigi/lab3/DC/RTL/ecc_enc_dec.v
/users/agnon/pp2022/omrigi/lab3/DC/RTL/Encoder.v
/users/agnon/pp2022/omrigi/lab3/DC/RTL/Fixer.v
/users/agnon/pp2022/omrigi/lab3/DC/RTL/FSM.v
/users/agnon/pp2022/omrigi/lab3/DC/RTL/MatrixCulator.v
/users/agnon/pp2022/omrigi/lab3/DC/Scripts/Constrains.sdc
/users/agnon/pp2022/omrigi/lab3/DC/LibraryFiles/db/slow.db
/users/agnon/pp2022/omrigi/lab3/DC/LibraryFiles/db/slow.db
/users/agnon/pp2022/omrigi/lab3/DC/Scripts/Synthesis.tcl
/users/agnon/pp2022/omrigi/lab3/DC/Scripts/Setup.tcl
/users/agnon/pp2022/omrigi/lab3/DC/LibraryFiles/tools/procs.tcl
/users/agnon/pp2022/omrigi/lab3/DC/RTL/APB_Register_Bank.v
/users/agnon/pp2022/omrigi/lab3/DC/RTL/DEC.v
/users/agnon/pp2022/omrigi/lab3/DC/RTL/Decoder.v
/users/agnon/pp2022/omrigi/lab3/DC/RTL/ecc_enc_dec.v
/users/agnon/pp2022/omrigi/lab3/DC/RTL/Encoder.v
/users/agnon/pp2022/omrigi/lab3/DC/RTL/Fixer.v
/users/agnon/pp2022/omrigi/lab3/DC/RTL/FSM.v
/users/agnon/pp2022/omrigi/lab3/DC/RTL/MatrixCulator.v
/users/agnon/pp2022/omrigi/lab3/DC/Scripts/Constrains.sdc
/users/agnon/pp2022/omrigi/lab3/DC/LibraryFiles/db/slow.db
/users/agnon/pp2022/omrigi/lab3/DC/LibraryFiles/db/slow.db
/users/agnon/pp2022/omrigi/lab3/DC/Scripts/Synthesis.tcl
/users/agnon/pp2022/omrigi/lab3/DC/Scripts/Setup.tcl
/users/agnon/pp2022/omrigi/lab3/DC/LibraryFiles/tools/procs.tcl
/users/agnon/pp2022/omrigi/lab3/DC/RTL/APB_Register_Bank.v
/users/agnon/pp2022/omrigi/lab3/DC/RTL/DEC.v
/users/agnon/pp2022/omrigi/lab3/DC/RTL/Decoder.v
/users/agnon/pp2022/omrigi/lab3/DC/RTL/ecc_enc_dec.v
/users/agnon/pp2022/omrigi/lab3/DC/RTL/Encoder.v
/users/agnon/pp2022/omrigi/lab3/DC/RTL/Fixer.v
/users/agnon/pp2022/omrigi/lab3/DC/RTL/FSM.v
/users/agnon/pp2022/omrigi/lab3/DC/RTL/MatrixCulator.v
/users/agnon/pp2022/omrigi/lab3/DC/Scripts/Constrains.sdc
/users/agnon/pp2022/omrigi/lab3/DC/LibraryFiles/db/slow.db
/users/agnon/pp2022/omrigi/lab3/DC/LibraryFiles/db/slow.db
/users/agnon/pp2022/omrigi/lab3/DC/Scripts/Synthesis.tcl
/users/agnon/pp2022/omrigi/lab3/DC/Scripts/Setup.tcl
/users/agnon/pp2022/omrigi/lab3/DC/LibraryFiles/tools/procs.tcl
/users/agnon/pp2022/omrigi/lab3/DC/RTL/APB_Register_Bank.v
/users/agnon/pp2022/omrigi/lab3/DC/RTL/DEC.v
/users/agnon/pp2022/omrigi/lab3/DC/RTL/Decoder.v
/users/agnon/pp2022/omrigi/lab3/DC/RTL/ecc_enc_dec.v
/users/agnon/pp2022/omrigi/lab3/DC/RTL/Encoder.v
/users/agnon/pp2022/omrigi/lab3/DC/RTL/Fixer.v
/users/agnon/pp2022/omrigi/lab3/DC/RTL/FSM.v
/users/agnon/pp2022/omrigi/lab3/DC/RTL/MatrixCulator.v
/users/agnon/pp2022/omrigi/lab3/DC/Scripts/Constrains.sdc
/users/agnon/pp2022/omrigi/lab3/DC/Scripts/Synthesis.tcl
/users/agnon/pp2022/omrigi/lab3/DC/Scripts/Setup.tcl
/users/agnon/pp2022/omrigi/lab3/DC/LibraryFiles/tools/procs.tcl
/users/agnon/pp2022/omrigi/lab3/DC/RTL/APB_Register_Bank.v
/users/agnon/pp2022/omrigi/lab3/DC/RTL/DEC.v
/users/agnon/pp2022/omrigi/lab3/DC/RTL/Decoder.v
/users/agnon/pp2022/omrigi/lab3/DC/RTL/ecc_enc_dec.v
/users/agnon/pp2022/omrigi/lab3/DC/RTL/Encoder.v
/users/agnon/pp2022/omrigi/lab3/DC/RTL/Fixer.v
/users/agnon/pp2022/omrigi/lab3/DC/RTL/FSM.v
/users/agnon/pp2022/omrigi/lab3/DC/RTL/MatrixCulator.v
/users/agnon/pp2022/omrigi/lab3/DC/Scripts/Constrains.sdc
/users/agnon/pp2022/omrigi/lab3/DC/Scripts/Synthesis.tcl
/users/agnon/pp2022/omrigi/lab3/DC/Scripts/Setup.tcl
/users/agnon/pp2022/omrigi/lab3/DC/LibraryFiles/tools/procs.tcl
/users/agnon/pp2022/omrigi/lab3/DC/RTL/APB_Register_Bank.v
/users/agnon/pp2022/omrigi/lab3/DC/RTL/DEC.v
/users/agnon/pp2022/omrigi/lab3/DC/RTL/Decoder.v
/users/agnon/pp2022/omrigi/lab3/DC/RTL/ecc_enc_dec.v
/users/agnon/pp2022/omrigi/lab3/DC/RTL/Encoder.v
/users/agnon/pp2022/omrigi/lab3/DC/RTL/Fixer.v
/users/agnon/pp2022/omrigi/lab3/DC/RTL/FSM.v
/users/agnon/pp2022/omrigi/lab3/DC/RTL/MatrixCulator.v
/users/agnon/pp2022/omrigi/lab3/DC/Scripts/Constrains.sdc
/users/agnon/pp2022/omrigi/lab3/DC/LibraryFiles/db/slow.db
/users/agnon/pp2022/omrigi/lab3/DC/LibraryFiles/db/slow.db
/users/agnon/pp2022/omrigi/lab3/DC/Scripts/Synthesis.tcl
/users/agnon/pp2022/omrigi/lab3/DC/Scripts/Setup.tcl
/users/agnon/pp2022/omrigi/lab3/DC/LibraryFiles/tools/procs.tcl
/users/agnon/pp2022/omrigi/lab3/DC/RTL/APB_Register_Bank.v
/users/agnon/pp2022/omrigi/lab3/DC/RTL/DEC.v
/users/agnon/pp2022/omrigi/lab3/DC/RTL/Decoder.v
/users/agnon/pp2022/omrigi/lab3/DC/RTL/ecc_enc_dec.v
/users/agnon/pp2022/omrigi/lab3/DC/RTL/Encoder.v
/users/agnon/pp2022/omrigi/lab3/DC/RTL/Fixer.v
/users/agnon/pp2022/omrigi/lab3/DC/RTL/FSM.v
/users/agnon/pp2022/omrigi/lab3/DC/RTL/MatrixCulator.v
/users/agnon/pp2022/omrigi/lab3/DC/Scripts/Constrains.sdc
/users/agnon/pp2022/omrigi/lab3/DC/LibraryFiles/db/slow.db
/users/agnon/pp2022/omrigi/lab3/DC/LibraryFiles/db/slow.db
/users/agnon/pp2022/omrigi/lab3/DC/Scripts/Synthesis.tcl
/users/agnon/pp2022/omrigi/lab3/DC/Scripts/Setup.tcl
/users/agnon/pp2022/omrigi/lab3/DC/LibraryFiles/tools/procs.tcl
/users/agnon/pp2022/omrigi/lab3/DC/RTL/APB_Register_Bank.v
/users/agnon/pp2022/omrigi/lab3/DC/RTL/DEC.v
/users/agnon/pp2022/omrigi/lab3/DC/RTL/Decoder.v
/users/agnon/pp2022/omrigi/lab3/DC/RTL/ecc_enc_dec.v
/users/agnon/pp2022/omrigi/lab3/DC/RTL/Encoder.v
/users/agnon/pp2022/omrigi/lab3/DC/RTL/Fixer.v
/users/agnon/pp2022/omrigi/lab3/DC/RTL/FSM.v
/users/agnon/pp2022/omrigi/lab3/DC/RTL/MatrixCulator.v
/users/agnon/pp2022/omrigi/lab3/DC/Scripts/Constrains.sdc
/users/agnon/pp2022/omrigi/lab3/DC/LibraryFiles/db/slow.db
/users/agnon/pp2022/omrigi/lab3/DC/Scripts/Synthesis.tcl
/users/agnon/pp2022/omrigi/lab3/DC/Scripts/Setup.tcl
/users/agnon/pp2022/omrigi/lab3/DC/LibraryFiles/tools/procs.tcl
/users/agnon/pp2022/omrigi/lab3/DC/RTL/APB_Register_Bank.v
/users/agnon/pp2022/omrigi/lab3/DC/RTL/DEC.v
/users/agnon/pp2022/omrigi/lab3/DC/RTL/Decoder.v
/users/agnon/pp2022/omrigi/lab3/DC/RTL/ecc_enc_dec.v
/users/agnon/pp2022/omrigi/lab3/DC/RTL/Encoder.v
/users/agnon/pp2022/omrigi/lab3/DC/RTL/Fixer.v
/users/agnon/pp2022/omrigi/lab3/DC/RTL/FSM.v
/users/agnon/pp2022/omrigi/lab3/DC/RTL/MatrixCulator.v
/users/agnon/pp2022/omrigi/lab3/DC/Scripts/Constrains.sdc
/users/agnon/pp2022/omrigi/lab3/DC/LibraryFiles/db/slow.db
